<?xml version="1.0" encoding="UTF-8"?>
<!-- Generated by org.testng.reporters.JUnitXMLReporter -->
<testsuite ignored="0" hostname="Deepaks-MacBook-Air-2.local" failures="1" tests="1" name="Test" time="8.586" errors="0" timestamp="2021-11-20T21:05:53 EST">
  <testcase classname="test.LambdatestAssignment" name="@AfterTest afterTest" time="0.002">
    <failure type="java.lang.NullPointerException" message="Cannot invoke &amp;quot;org.openqa.selenium.WebDriver.quit()&amp;quot; because &amp;quot;this.driver&amp;quot; is null">
      <![CDATA[java.lang.NullPointerException: Cannot invoke "org.openqa.selenium.WebDriver.quit()" because "this.driver" is null
at utils.Common.quitBrowser(Common.java:66)
at test.LambdatestAssignment.afterTest(LambdatestAssignment.java:164)
at java.base/java.util.concurrent.FutureTask.run(FutureTask.java:264)
at java.base/java.util.concurrent.ThreadPoolExecutor.runWorker(ThreadPoolExecutor.java:1136)
at java.base/java.util.concurrent.ThreadPoolExecutor$Worker.run(ThreadPoolExecutor.java:635)
at java.base/java.lang.Thread.run(Thread.java:833)
... Removed 15 stack frames]]>
    </failure>
  </testcase> <!-- @AfterTest afterTest -->
  <testcase classname="test.LambdatestAssignment" name="lambdatestAdvanceCertificationDeepakChowbey" time="2.219">
    <failure type="java.lang.AssertionError" message="Assertion Failed for title validation. Performed soft assertion for test case completion expected [Running Automation Tests Using TestingWhiz LambdaTest | LambdaTest] but found [TestingWhiz Integration | LambdaTest]">
      <![CDATA[java.lang.AssertionError: Assertion Failed for title validation. Performed soft assertion for test case completion expected [Running Automation Tests Using TestingWhiz LambdaTest | LambdaTest] but found [TestingWhiz Integration | LambdaTest]
at test.LambdatestAssignment.lambdatestAdvanceCertificationDeepakChowbey(LambdatestAssignment.java:92)
at java.base/java.util.ArrayList.forEach(ArrayList.java:1511)
at java.base/java.util.concurrent.FutureTask.run(FutureTask.java:264)
at java.base/java.util.concurrent.ThreadPoolExecutor.runWorker(ThreadPoolExecutor.java:1136)
at java.base/java.util.concurrent.ThreadPoolExecutor$Worker.run(ThreadPoolExecutor.java:635)
at java.base/java.lang.Thread.run(Thread.java:833)
... Removed 23 stack frames]]>
    </failure>
  </testcase> <!-- lambdatestAdvanceCertificationDeepakChowbey -->
</testsuite> <!-- Test -->
