<?xml version="1.0" encoding="UTF-8"?>
<!-- Generated by org.testng.reporters.JUnitXMLReporter -->
<testsuite ignored="0" hostname="Deepaks-MacBook-Air-2.local" failures="0" tests="1" name="Test Firefox" time="2.256" errors="0" timestamp="2021-11-20T23:28:51 EST">
  <testcase classname="test.LambdatestAssignment" name="@BeforeClass remoteDriver" time="2.094">
    <failure type="org.openqa.selenium.SessionNotCreatedException" message="Could not start a new session. Response code 404. Message: Either tunnel is not runing or disconnected.
Build info: version: &amp;apos;4.0.0&amp;apos;, revision: &amp;apos;3a21814679&amp;apos;
System info: host: &amp;apos;Deepaks-MacBook-Air-2.local&amp;apos;, ip: &amp;apos;2607:9880:2140:1e1:0:0:0:2%en0&amp;apos;, os.name: &amp;apos;Mac OS X&amp;apos;, os.arch: &amp;apos;x86_64&amp;apos;, os.version: &amp;apos;10.16&amp;apos;, java.version: &amp;apos;17&amp;apos;
Driver info: org.openqa.selenium.remote.RemoteWebDriver
Command: [null, newSession {capabilities=[Capabilities {LT:Options: {build: Advance Test 1, console: info, name: your test name, network: true, platformName: macOS Sierra, tunnel: true, visual: true}, browserName: Edge, browserVersion: 87.0}], desiredCapabilities=Capabilities {LT:Options: {build: Advance Test 1, console: info, name: your test name, network: true, platformName: macOS Sierra, tunnel: true, visual: true}, browserName: Edge, browserVersion: 87.0}}]
Capabilities {}">
      <![CDATA[org.openqa.selenium.SessionNotCreatedException: Could not start a new session. Response code 404. Message: Either tunnel is not runing or disconnected.
Build info: version: '4.0.0', revision: '3a21814679'
System info: host: 'Deepaks-MacBook-Air-2.local', ip: '2607:9880:2140:1e1:0:0:0:2%en0', os.name: 'Mac OS X', os.arch: 'x86_64', os.version: '10.16', java.version: '17'
Driver info: org.openqa.selenium.remote.RemoteWebDriver
Command: [null, newSession {capabilities=[Capabilities {LT:Options: {build: Advance Test 1, console: info, name: your test name, network: true, platformName: macOS Sierra, tunnel: true, visual: true}, browserName: Edge, browserVersion: 87.0}], desiredCapabilities=Capabilities {LT:Options: {build: Advance Test 1, console: info, name: your test name, network: true, platformName: macOS Sierra, tunnel: true, visual: true}, browserName: Edge, browserVersion: 87.0}}]
Capabilities {}
at org.openqa.selenium.remote.ProtocolHandshake.createSession(ProtocolHandshake.java:126)
at org.openqa.selenium.remote.ProtocolHandshake.createSession(ProtocolHandshake.java:84)
at org.openqa.selenium.remote.ProtocolHandshake.createSession(ProtocolHandshake.java:62)
at org.openqa.selenium.remote.HttpCommandExecutor.execute(HttpCommandExecutor.java:156)
at org.openqa.selenium.remote.TracedCommandExecutor.execute(TracedCommandExecutor.java:39)
at org.openqa.selenium.remote.RemoteWebDriver.execute(RemoteWebDriver.java:559)
at org.openqa.selenium.remote.RemoteWebDriver.startSession(RemoteWebDriver.java:246)
at org.openqa.selenium.remote.RemoteWebDriver.<init>(RemoteWebDriver.java:168)
at org.openqa.selenium.remote.RemoteWebDriver.<init>(RemoteWebDriver.java:146)
at test.LambdatestAssignment.remoteDriver(LambdatestAssignment.java:182)
at java.base/java.util.ArrayList.forEach(ArrayList.java:1511)
at java.base/java.util.concurrent.FutureTask.run(FutureTask.java:264)
at java.base/java.util.concurrent.ThreadPoolExecutor.runWorker(ThreadPoolExecutor.java:1136)
at java.base/java.util.concurrent.ThreadPoolExecutor$Worker.run(ThreadPoolExecutor.java:635)
at java.base/java.lang.Thread.run(Thread.java:833)
... Removed 16 stack frames]]>
    </failure>
  </testcase> <!-- @BeforeClass remoteDriver -->
  <testcase classname="test.LambdatestAssignment" name="@AfterClass afterTest" time="-1.637468931621E9">
    <skipped/>
  </testcase> <!-- @AfterClass afterTest -->
  <testcase classname="test.LambdatestAssignment" name="lambdatestAdvanceCertificationDeepakChowbey" time="0.0">
    <skipped/>
  </testcase> <!-- lambdatestAdvanceCertificationDeepakChowbey -->
</testsuite> <!-- Test Firefox -->
