<?xml version="1.0" encoding="UTF-8"?>
<!-- Generated by org.testng.reporters.JUnitXMLReporter -->
<testsuite ignored="0" hostname="Deepaks-MacBook-Air-2.local" failures="1" tests="1" name="Test Edge" time="31.79" errors="0" timestamp="2021-11-21T00:28:46 EST">
  <testcase classname="test.LambdatestAssignment" name="lambdatestAdvanceCertificationDeepakChowbey" time="18.355">
    <failure type="org.openqa.selenium.ElementClickInterceptedException" message="element click intercepted: Element &amp;lt;a href=&amp;quot;https://community.lambdatest.com/&amp;quot; rel=&amp;quot;noopener noreferrer&amp;quot;&amp;gt;...&amp;lt;/a&amp;gt; is not clickable at point (1257, 89). Other element would receive the click: &amp;lt;div id=&amp;quot;onesignal-slidedown-container&amp;quot; class=&amp;quot;onesignal-slidedown-container onesignal-reset slide-down&amp;quot;&amp;gt;...&amp;lt;/div&amp;gt;
  (Session info: MicrosoftEdge=87.0.664.41)
Build info: version: &amp;apos;4.0.0&amp;apos;, revision: &amp;apos;3a21814679&amp;apos;
System info: host: &amp;apos;Deepaks-MacBook-Air-2.local&amp;apos;, ip: &amp;apos;2607:9880:2140:1e1:0:0:0:2%en0&amp;apos;, os.name: &amp;apos;Mac OS X&amp;apos;, os.arch: &amp;apos;x86_64&amp;apos;, os.version: &amp;apos;10.16&amp;apos;, java.version: &amp;apos;17&amp;apos;
Driver info: org.openqa.selenium.remote.RemoteWebDriver
Command: [4f8acec93c2693c725c4f3d99ca6a931, clickElement {id=ad748ea5-0bec-445e-a79d-80ee70ef94be}]
Capabilities {acceptInsecureCerts: false, browserName: msedge, browserVersion: 87.0.664.41, javascriptEnabled: true, ms:edgeOptions: {debuggerAddress: localhost:58805}, msedge: {msedgedriverVersion: 87.0.669.0 (9e7154764c4ca8c..., userDataDir: /var/folders/nl/mnqgh0js2xb...}, networkConnectionEnabled: false, pageLoadStrategy: normal, platform: MAC, platformName: MAC, proxy: Proxy(), setWindowRect: true, strictFileInteractability: false, timeouts: {implicit: 0, pageLoad: 300000, script: 30000}, unhandledPromptBehavior: dismiss and notify, webauthn:virtualAuthenticators: true, webdriver.remote.sessionid: 4f8acec93c2693c725c4f3d99ca...}
Element: [[RemoteWebDriver: msedge on MAC (4f8acec93c2693c725c4f3d99ca6a931)] -&amp;gt; link text: Community]
Session ID: 4f8acec93c2693c725c4f3d99ca6a931">
      <![CDATA[org.openqa.selenium.ElementClickInterceptedException: element click intercepted: Element <a href="https://community.lambdatest.com/" rel="noopener noreferrer">...</a> is not clickable at point (1257, 89). Other element would receive the click: <div id="onesignal-slidedown-container" class="onesignal-slidedown-container onesignal-reset slide-down">...</div>
  (Session info: MicrosoftEdge=87.0.664.41)
Build info: version: '4.0.0', revision: '3a21814679'
System info: host: 'Deepaks-MacBook-Air-2.local', ip: '2607:9880:2140:1e1:0:0:0:2%en0', os.name: 'Mac OS X', os.arch: 'x86_64', os.version: '10.16', java.version: '17'
Driver info: org.openqa.selenium.remote.RemoteWebDriver
Command: [4f8acec93c2693c725c4f3d99ca6a931, clickElement {id=ad748ea5-0bec-445e-a79d-80ee70ef94be}]
Capabilities {acceptInsecureCerts: false, browserName: msedge, browserVersion: 87.0.664.41, javascriptEnabled: true, ms:edgeOptions: {debuggerAddress: localhost:58805}, msedge: {msedgedriverVersion: 87.0.669.0 (9e7154764c4ca8c..., userDataDir: /var/folders/nl/mnqgh0js2xb...}, networkConnectionEnabled: false, pageLoadStrategy: normal, platform: MAC, platformName: MAC, proxy: Proxy(), setWindowRect: true, strictFileInteractability: false, timeouts: {implicit: 0, pageLoad: 300000, script: 30000}, unhandledPromptBehavior: dismiss and notify, webauthn:virtualAuthenticators: true, webdriver.remote.sessionid: 4f8acec93c2693c725c4f3d99ca...}
Element: [[RemoteWebDriver: msedge on MAC (4f8acec93c2693c725c4f3d99ca6a931)] -> link text: Community]
Session ID: 4f8acec93c2693c725c4f3d99ca6a931
at org.openqa.selenium.remote.codec.w3c.W3CHttpResponseCodec.createException(W3CHttpResponseCodec.java:200)
at org.openqa.selenium.remote.codec.w3c.W3CHttpResponseCodec.decode(W3CHttpResponseCodec.java:133)
at org.openqa.selenium.remote.codec.w3c.W3CHttpResponseCodec.decode(W3CHttpResponseCodec.java:53)
at org.openqa.selenium.remote.HttpCommandExecutor.execute(HttpCommandExecutor.java:184)
at org.openqa.selenium.remote.TracedCommandExecutor.execute(TracedCommandExecutor.java:39)
at org.openqa.selenium.remote.RemoteWebDriver.execute(RemoteWebDriver.java:559)
at org.openqa.selenium.remote.RemoteWebElement.execute(RemoteWebElement.java:251)
at org.openqa.selenium.remote.RemoteWebElement.click(RemoteWebElement.java:77)
at test.LambdatestAssignment.lambdatestAdvanceCertificationDeepakChowbey(LambdatestAssignment.java:116)
at java.base/java.util.ArrayList.forEach(ArrayList.java:1511)
at java.base/java.util.concurrent.FutureTask.run(FutureTask.java:264)
at java.base/java.util.concurrent.ThreadPoolExecutor.runWorker(ThreadPoolExecutor.java:1136)
at java.base/java.util.concurrent.ThreadPoolExecutor$Worker.run(ThreadPoolExecutor.java:635)
at java.base/java.lang.Thread.run(Thread.java:833)
... Removed 23 stack frames]]>
    </failure>
  </testcase> <!-- lambdatestAdvanceCertificationDeepakChowbey -->
</testsuite> <!-- Test Edge -->
